<html>
<head>
<title>TestNG:  Default test</title>
<link href="../testng.css" rel="stylesheet" type="text/css" />
<link href="../my-testng.css" rel="stylesheet" type="text/css" />

<style type="text/css">
.log { display: none;} 
.stack-trace { display: none;} 
</style>
<script type="text/javascript">
<!--
function flip(e) {
  current = e.style.display;
  if (current == 'block') {
    e.style.display = 'none';
    return 0;
  }
  else {
    e.style.display = 'block';
    return 1;
  }
}

function toggleBox(szDivId, elem, msg1, msg2)
{
  var res = -1;  if (document.getElementById) {
    res = flip(document.getElementById(szDivId));
  }
  else if (document.all) {
    // this is the way old msie versions work
    res = flip(document.all[szDivId]);
  }
  if(elem) {
    if(res == 0) elem.innerHTML = msg1; else elem.innerHTML = msg2;
  }

}

function toggleAllBoxes() {
  if (document.getElementsByTagName) {
    d = document.getElementsByTagName('div');
    for (i = 0; i < d.length; i++) {
      if (d[i].className == 'log') {
        flip(d[i]);
      }
    }
  }
}

// -->
</script>

</head>
<body>
<h2 align='center'>Default test</h2><table border='1' align="center">
<tr>
<td>Tests passed/Failed/Skipped:</td><td>1/1/0</td>
</tr><tr>
<td>Started on:</td><td>Thu Aug 03 16:43:04 CST 2017</td>
</tr>
<tr><td>Total time:</td><td>46 seconds (46814 ms)</td>
</tr><tr>
<td>Included groups:</td><td></td>
</tr><tr>
<td>Excluded groups:</td><td></td>
</tr>
</table><p/>
<small><i>(Hover the method name to see the test class name)</i></small><p/>
<table width='100%' border='1' class='invocation-failed'>
<tr><td colspan='4' align='center'><b>FAILED TESTS</b></td></tr>
<tr><td><b>Test method</b></td>
<td width="30%"><b>Exception</b></td>
<td width="10%"><b>Time (seconds)</b></td>
<td><b>Instance</b></td>
</tr>
<tr>
<td title='com.xmd.testcase.login.LoginPage_001_LoginSuccess_Test.loginSuccessTest()'><b>loginSuccessTest</b><br>Test class: com.xmd.testcase.login.LoginPage_001_LoginSuccess_Test<br>Parameters: org.testng.TestRunner@4964784d, {=, CLUB_NAME=wz测试会所, LOGIN_PASSWORD=123456, LOGIN_NAME=yunying, No=2}<br/>
<a href="#Output-1081483955" onClick='toggleBox("Output-1081483955", this, "Show output", "Hide output");'>Show output</a>

<a href="#Output-1081483955" onClick="toggleAllBoxes();">Show all outputs</a>
<div class='log' id="Output-1081483955">
result/screenshot/2017_08_03_16_43_47_loginSuccessTest.jpg<br/>
<img src="../../result/screenshot/2017_08_03_16_43_47_loginSuccessTest.jpg" width="300"/><br/>
result/screenshot/2017_08_03_16_43_48_loginSuccessTest.jpg<br/>
<img src="../../result/screenshot/2017_08_03_16_43_48_loginSuccessTest.jpg" width="300"/><br/>
</div>
</td>
<td><div><pre>java.lang.AssertionError: 超时！！！30秒内未找到元素[By.xpath: /html/body/header/div[2]/span]
	at org.testng.Assert.fail(Assert.java:94)
	at com.xmd.util.SeleniumUtil.waitForElementToLoad(SeleniumUtil.java:42)
	at com.xmd.util.SeleniumUtil.verifyClubTitle(SeleniumUtil.java:84)
	at com.xmd.pages.pagesHelper.LoginPageHelper.verifyLogin(LoginPageHelper.java:42)
	at com.xmd.testcase.login.LoginPage_001_LoginSuccess_Test.loginSuccessTest(LoginPage_001_LoginSuccess_Test.java:17)
	at sun.reflect.NativeMethodAccessorImpl.invoke0(Native Method)
	at sun.reflect.NativeMethodAccessorImpl.invoke(NativeMethodAccessorImpl.java:57)
	at sun.reflect.DelegatingMethodAccessorImpl.invoke(DelegatingMethodAccessorImpl.java:43)
	at java.lang.reflect.Method.invoke(Method.java:606)
	at org.testng.internal.MethodInvocationHelper.invokeMethod(MethodInvocationHelper.java:84)
	at org.testng.internal.Invoker.invokeMethod(Invoker.java:714)
	at org.testng.internal.Invoker.invokeTestMethod(Invoker.java:901)
	at org.testng.internal.Invoker.invokeTestMethods(Invoker.java:1231)
	at org.testng.internal.TestMethodWorker.invokeTestMethods(TestMethodWorker.java:127)
	at org.testng.internal.TestMethodWorker.run(TestMethodWorker.java:111)
	at org.testng.TestRunner.privateRun(TestRunner.java:767)
	at org.testng.TestRunner.run(TestRunner.java:617)
	at org.testng.SuiteRunner.runTest(SuiteRunner.java:348)
	at org.testng.SuiteRunner.access$000(SuiteRunner.java:38)
	at org.testng.SuiteRunner$SuiteWorker.run(SuiteRunner.java:382)
	at org.testng.internal.thread.ThreadUtil$2.call(ThreadUtil.java:64)
	at java.util.concurrent.FutureTask.run(FutureTask.java:262)
	at java.util.concurrent.ThreadPoolExecutor.runWorker(ThreadPoolExecutor.java:1145)
	at java.util.concurrent.ThreadPoolExecutor$Worker.run(ThreadPoolExecutor.java:615)
	at java.lang.Thread.run(Thread.java:745)
</pre></div><a href='#' onClick='toggleBox("stack-trace1081483955", this, "Click to show all stack frames", "Click to hide stack frames")'>Click to show all stack frames</a>
<div class='stack-trace' id='stack-trace1081483955'><pre>java.lang.AssertionError: 超时！！！30秒内未找到元素[By.xpath: /html/body/header/div[2]/span]
	at org.testng.Assert.fail(Assert.java:94)
	at com.xmd.util.SeleniumUtil.waitForElementToLoad(SeleniumUtil.java:42)
	at com.xmd.util.SeleniumUtil.verifyClubTitle(SeleniumUtil.java:84)
	at com.xmd.pages.pagesHelper.LoginPageHelper.verifyLogin(LoginPageHelper.java:42)
	at com.xmd.testcase.login.LoginPage_001_LoginSuccess_Test.loginSuccessTest(LoginPage_001_LoginSuccess_Test.java:17)
	at sun.reflect.NativeMethodAccessorImpl.invoke0(Native Method)
	at sun.reflect.NativeMethodAccessorImpl.invoke(NativeMethodAccessorImpl.java:57)
	at sun.reflect.DelegatingMethodAccessorImpl.invoke(DelegatingMethodAccessorImpl.java:43)
	at java.lang.reflect.Method.invoke(Method.java:606)
	at org.testng.internal.MethodInvocationHelper.invokeMethod(MethodInvocationHelper.java:84)
	at org.testng.internal.Invoker.invokeMethod(Invoker.java:714)
	at org.testng.internal.Invoker.invokeTestMethod(Invoker.java:901)
	at org.testng.internal.Invoker.invokeTestMethods(Invoker.java:1231)
	at org.testng.internal.TestMethodWorker.invokeTestMethods(TestMethodWorker.java:127)
	at org.testng.internal.TestMethodWorker.run(TestMethodWorker.java:111)
	at org.testng.TestRunner.privateRun(TestRunner.java:767)
	at org.testng.TestRunner.run(TestRunner.java:617)
	at org.testng.SuiteRunner.runTest(SuiteRunner.java:348)
	at org.testng.SuiteRunner.access$000(SuiteRunner.java:38)
	at org.testng.SuiteRunner$SuiteWorker.run(SuiteRunner.java:382)
	at org.testng.internal.thread.ThreadUtil$2.call(ThreadUtil.java:64)
	at java.util.concurrent.FutureTask.run(FutureTask.java:262)
	at java.util.concurrent.ThreadPoolExecutor.runWorker(ThreadPoolExecutor.java:1145)
	at java.util.concurrent.ThreadPoolExecutor$Worker.run(ThreadPoolExecutor.java:615)
	at java.lang.Thread.run(Thread.java:745)
</pre></div></td>
<td>33</td>
<td>com.xmd.testcase.login.LoginPage_001_LoginSuccess_Test@3d17d1c5</td></tr>
</table><p>
<table width='100%' border='1' class='invocation-passed'>
<tr><td colspan='4' align='center'><b>PASSED TESTS</b></td></tr>
<tr><td><b>Test method</b></td>
<td width="30%"><b>Exception</b></td>
<td width="10%"><b>Time (seconds)</b></td>
<td><b>Instance</b></td>
</tr>
<tr>
<td title='com.xmd.testcase.login.LoginPage_001_LoginSuccess_Test.loginSuccessTest()'><b>loginSuccessTest</b><br>Test class: com.xmd.testcase.login.LoginPage_001_LoginSuccess_Test<br>Parameters: org.testng.TestRunner@4964784d, {=, CLUB_NAME=wz测试会所, LOGIN_PASSWORD=123456, LOGIN_NAME=wzq, No=1}</td>
<td></td>
<td>3</td>
<td>com.xmd.testcase.login.LoginPage_001_LoginSuccess_Test@3d17d1c5</td></tr>
</table><p>
</body>
</html>