<?xml version="1.0" encoding="UTF-8"?>
<testng-results skipped="0" failed="1" total="2" passed="1">
  <reporter-output>
    <line>
      <![CDATA[result/screenshot/2017_08_03_16_43_47_loginSuccessTest.jpg]]>
    </line>
    <line>
      <![CDATA[<img src="../../result/screenshot/2017_08_03_16_43_47_loginSuccessTest.jpg" width="300"/>]]>
    </line>
    <line>
      <![CDATA[result/screenshot/2017_08_03_16_43_48_loginSuccessTest.jpg]]>
    </line>
    <line>
      <![CDATA[<img src="../../result/screenshot/2017_08_03_16_43_48_loginSuccessTest.jpg" width="300"/>]]>
    </line>
  </reporter-output>
  <suite name="WebAutoTest" duration-ms="46814" started-at="2017-08-03T08:43:04Z" finished-at="2017-08-03T08:43:51Z">
    <groups>
    </groups>
    <test name="Default test" duration-ms="46814" started-at="2017-08-03T08:43:04Z" finished-at="2017-08-03T08:43:51Z">
      <class name="com.xmd.testcase.login.LoginPage_001_LoginSuccess_Test">
        <test-method status="PASS" signature="startTest(org.testng.ITestContext)[pri:0, instance:com.xmd.testcase.login.LoginPage_001_LoginSuccess_Test@3d17d1c5]" name="startTest" is-config="true" duration-ms="5164" started-at="2017-08-03T16:43:04Z" finished-at="2017-08-03T16:43:09Z">
          <params>
            <param index="0">
              <value>
                <![CDATA[org.testng.TestRunner@4964784d]]>
              </value>
            </param>
          </params>
          <reporter-output>
          </reporter-output>
        </test-method> <!-- startTest -->
        <test-method status="PASS" signature="loginSuccessTest(org.testng.ITestContext, java.util.Map)[pri:0, instance:com.xmd.testcase.login.LoginPage_001_LoginSuccess_Test@3d17d1c5]" name="loginSuccessTest" duration-ms="3800" started-at="2017-08-03T16:43:09Z" data-provider="data" finished-at="2017-08-03T16:43:13Z">
          <params>
            <param index="0">
              <value>
                <![CDATA[org.testng.TestRunner@4964784d]]>
              </value>
            </param>
            <param index="1">
              <value>
                <![CDATA[{=, CLUB_NAME=wz测试会所, LOGIN_PASSWORD=123456, LOGIN_NAME=wzq, No=1}]]>
              </value>
            </param>
          </params>
          <reporter-output>
          </reporter-output>
        </test-method> <!-- loginSuccessTest -->
        <test-method status="FAIL" signature="loginSuccessTest(org.testng.ITestContext, java.util.Map)[pri:0, instance:com.xmd.testcase.login.LoginPage_001_LoginSuccess_Test@3d17d1c5]" name="loginSuccessTest" duration-ms="33915" started-at="2017-08-03T16:43:13Z" data-provider="data" finished-at="2017-08-03T16:43:47Z">
          <params>
            <param index="0">
              <value>
                <![CDATA[org.testng.TestRunner@4964784d]]>
              </value>
            </param>
            <param index="1">
              <value>
                <![CDATA[{=, CLUB_NAME=wz测试会所, LOGIN_PASSWORD=123456, LOGIN_NAME=yunying, No=2}]]>
              </value>
            </param>
          </params>
          <exception class="java.lang.AssertionError">
            <message>
              <![CDATA[超时！！！30秒内未找到元素[By.xpath: /html/body/header/div[2]/span]]]>
            </message>
            <full-stacktrace>
              <![CDATA[java.lang.AssertionError: 超时！！！30秒内未找到元素[By.xpath: /html/body/header/div[2]/span]
	at org.testng.Assert.fail(Assert.java:94)
	at com.xmd.util.SeleniumUtil.waitForElementToLoad(SeleniumUtil.java:42)
	at com.xmd.util.SeleniumUtil.verifyClubTitle(SeleniumUtil.java:84)
	at com.xmd.pages.pagesHelper.LoginPageHelper.verifyLogin(LoginPageHelper.java:42)
	at com.xmd.testcase.login.LoginPage_001_LoginSuccess_Test.loginSuccessTest(LoginPage_001_LoginSuccess_Test.java:17)
	at sun.reflect.NativeMethodAccessorImpl.invoke0(Native Method)
	at sun.reflect.NativeMethodAccessorImpl.invoke(NativeMethodAccessorImpl.java:57)
	at sun.reflect.DelegatingMethodAccessorImpl.invoke(DelegatingMethodAccessorImpl.java:43)
	at java.lang.reflect.Method.invoke(Method.java:606)
	at org.testng.internal.MethodInvocationHelper.invokeMethod(MethodInvocationHelper.java:84)
	at org.testng.internal.Invoker.invokeMethod(Invoker.java:714)
	at org.testng.internal.Invoker.invokeTestMethod(Invoker.java:901)
	at org.testng.internal.Invoker.invokeTestMethods(Invoker.java:1231)
	at org.testng.internal.TestMethodWorker.invokeTestMethods(TestMethodWorker.java:127)
	at org.testng.internal.TestMethodWorker.run(TestMethodWorker.java:111)
	at org.testng.TestRunner.privateRun(TestRunner.java:767)
	at org.testng.TestRunner.run(TestRunner.java:617)
	at org.testng.SuiteRunner.runTest(SuiteRunner.java:348)
	at org.testng.SuiteRunner.access$000(SuiteRunner.java:38)
	at org.testng.SuiteRunner$SuiteWorker.run(SuiteRunner.java:382)
	at org.testng.internal.thread.ThreadUtil$2.call(ThreadUtil.java:64)
	at java.util.concurrent.FutureTask.run(FutureTask.java:262)
	at java.util.concurrent.ThreadPoolExecutor.runWorker(ThreadPoolExecutor.java:1145)
	at java.util.concurrent.ThreadPoolExecutor$Worker.run(ThreadPoolExecutor.java:615)
	at java.lang.Thread.run(Thread.java:745)
]]>
            </full-stacktrace>
          </exception> <!-- java.lang.AssertionError -->
          <reporter-output>
            <line>
              <![CDATA[result/screenshot/2017_08_03_16_43_47_loginSuccessTest.jpg]]>
            </line>
            <line>
              <![CDATA[<img src="../../result/screenshot/2017_08_03_16_43_47_loginSuccessTest.jpg" width="300"/>]]>
            </line>
            <line>
              <![CDATA[result/screenshot/2017_08_03_16_43_48_loginSuccessTest.jpg]]>
            </line>
            <line>
              <![CDATA[<img src="../../result/screenshot/2017_08_03_16_43_48_loginSuccessTest.jpg" width="300"/>]]>
            </line>
          </reporter-output>
        </test-method> <!-- loginSuccessTest -->
        <test-method status="PASS" signature="endTest()[pri:0, instance:com.xmd.testcase.login.LoginPage_001_LoginSuccess_Test@3d17d1c5]" name="endTest" is-config="true" duration-ms="1740" started-at="2017-08-03T16:43:49Z" finished-at="2017-08-03T16:43:51Z">
          <reporter-output>
          </reporter-output>
        </test-method> <!-- endTest -->
      </class> <!-- com.xmd.testcase.login.LoginPage_001_LoginSuccess_Test -->
    </test> <!-- Default test -->
  </suite> <!-- WebAutoTest -->
</testng-results>
